<?xml version="1.0" encoding="UTF-8"?>
<!-- Generated by org.testng.reporters.JUnitReportReporter -->
<testsuite skipped="0" hostname="DESKTOP-4QAP546" name="com.Executor.Executor" tests="1" failures="0" timestamp="26 Dec 2018 12:10:20 GMT" time="10.088" errors="0">
  <testcase name="tc_03" time="10.088" classname="com.Executor.Executor"/>
</testsuite> <!-- com.Executor.Executor -->
